app/build/outputs/mapping/release/seeds.txt
com.jhoy.shield.MainActivity
com.jhoy.shield.service.PlaybackService
com.jhoy.shield.offline.OfflinePlayerActivity
com.jhoy.shield.media.WebViewMediaBridge: void onBackgroundStreamReady(java.lang.String,long)
com.jhoy.shield.offline.OfflinePlayerActivity: OfflinePlayerActivity()
com.jhoy.shield.service.PlaybackService: PlaybackService()
com.jhoy.shield.media.WebViewMediaBridge: void onPlaybackStateChanged(java.lang.String,java.lang.String,java.lang.String,boolean,long,long)
com.jhoy.shield.offline.DownloadTracker$Status: com.jhoy.shield.offline.DownloadTracker$Status valueOf(java.lang.String)
com.jhoy.shield.offline.DownloadTracker$Status: com.jhoy.shield.offline.DownloadTracker$Status[] values()
com.jhoy.shield.MainActivity: MainActivity()
...
androidx.appcompat.view.menu.ActionMenuItemView: void setIcon(android.graphics.drawable.Drawable)
androidx.media.AudioAttributesImplBaseParcelizer: AudioAttributesImplBaseParcelizer()
androidx.transition.ViewUtilsApi21$Api29Impl: void setAnimationMatrix(android.view.View,android.graphics.Matrix)
androidx.core.view.WindowInsetsCompat$Impl: androidx.core.graphics.Insets getStableInsets()
org.chromium.support_lib_boundary.WebMessagePortBoundaryInterface: void postMessage(java.lang.reflect.InvocationHandler)
androidx.core.view.WindowInsetsCompat$BuilderImpl30: WindowInsetsCompat$BuilderImpl30(androidx.core.view.WindowInsetsCompat)
com.google.android.material.textfield.TextInputLayout: int getBoxStrokeWidthFocused()
androidx.appcompat.view.menu.ListMenuItemView: android.view.LayoutInflater getInflater()
androidx.appcompat.widget.ActionBarOverlayLayout: void setShowingForActionMode(boolean)
androidx.appcompat.widget.AppCompatAutoCompleteTextView: android.content.res.ColorStateList getSupportBackgroundTintList()
com.google.android.material.textfield.TextInputLayout: void setErrorEnabled(boolean)
androidx.appcompat.widget.AppCompatImageView: void setImageBitmap(android.graphics.Bitmap)
androidx.appcompat.widget.AppCompatButton: void setCustomSelectionActionModeCallback(android.view.ActionMode$Callback)
org.chromium.support_lib_boundary.ServiceWorkerWebSettingsBoundaryInterface: boolean getAllowFileAccess()
com.google.android.material.appbar.MaterialToolbar: void setNavigationIcon(android.graphics.drawable.Drawable)
org.chromium.support_lib_boundary.DropDataContentProviderBoundaryInterface: java.lang.String[] getStreamTypes(android.net.Uri,java.lang.String)
androidx.core.app.RemoteActionCompatParcelizer: RemoteActionCompatParcelizer()
com.google.android.material.floatingactionbutton.FloatingActionButton$Behavior: FloatingActionButton$Behavior(android.content.Context,android.util.AttributeSet)
com.google.android.material.textfield.TextInputLayout: void setEnabled(boolean)
com.google.android.material.chip.Chip: android.graphics.Rect getCloseIconTouchBoundsInt()
androidx.vectordrawable.graphics.drawable.VectorDrawableCompat$VFullPath: float getFillAlpha()
com.google.android.material.button.MaterialButton: void setIconGravity(int)
com.google.android.material.textfield.TextInputLayout: float getBoxCornerRadiusTopEnd()
org.chromium.support_lib_boundary.WebSettingsBoundaryInterface: boolean getWillSuppressErrorPage()
androidx.activity.OnBackPressedDispatcher$Api34Impl: android.window.OnBackInvokedCallback createOnBackAnimationCallback(kotlin.jvm.functions.Function1,kotlin.jvm.functions.Function1,kotlin.jvm.functions.Function0,kotlin.jvm.functions.Function0)
com.google.android.material.snackbar.BaseTransientBottomBar$SnackbarBaseLayout: void setBackgroundTintList(android.content.res.ColorStateList)
androidx.recyclerview.widget.RecyclerView: int getMaxFlingVelocity()
com.google.android.material.textfield.TextInputLayout: com.google.android.material.textfield.TextInputLayout$LengthCounter getLengthCounter()
com.google.android.material.appbar.MaterialToolbar: void setLogoAdjustViewBounds(boolean)
androidx.core.view.WindowInsetsCompat$BuilderImpl29: WindowInsetsCompat$BuilderImpl29()
androidx.core.view.WindowInsetsCompat$Impl30: void copyRootViewBounds(android.view.View)
com.google.android.material.textfield.TextInputEditText: java.lang.CharSequence getHintFromLayout()
androidx.appcompat.widget.LinearLayoutCompat: void setMeasureWithLargestChildEnabled(boolean)
org.chromium.support_lib_boundary.WebViewClientBoundaryInterface: void onReceivedError(android.webkit.WebView,android.webkit.WebResourceRequest,java.lang.reflect.InvocationHandler)
androidx.appcompat.widget.LinearLayoutCompat: void setShowDividers(int)
com.google.android.material.internal.NavigationMenuItemView: void setChecked(boolean)
androidx.transition.Transition$Impl26: long getTotalDuration(android.animation.Animator)