app/build/outputs/mapping/release/usage.txt
com.jhoy.shield.BuildConfig
com.jhoy.shield.MainActivity:
    private static final java.lang.String TARGET_URL
    private static final java.lang.String USER_AGENT
    private com.jhoy.shield.service.PlaybackService playbackService
    private final int dp(int)
com.jhoy.shield.R$color
com.jhoy.shield.R$drawable:
    public static int ic_launcher_background
    public static int ic_launcher_foreground
    private void <init>()
com.jhoy.shield.R$mipmap
com.jhoy.shield.R$string
com.jhoy.shield.R$style
com.jhoy.shield.R
com.jhoy.shield.ShieldApplication
com.jhoy.shield.adblock.AdBlockScripts:
    public static final int $stable
com.jhoy.shield.adblock.AdBlocker:
    private final android.webkit.WebResourceResponse getEMPTY_RESPONSE()
com.jhoy.shield.adblock.ShieldWebViewClient:
    public final int getBlockedCount()
com.jhoy.shield.media.BackgroundPlayWebView:
    public static final int $stable
    public void <init>(android.content.Context)
    public void <init>(android.content.Context,android.util.AttributeSet)
com.jhoy.shield.media.WebViewMediaBridge:
    public final void executeResumeAt(long)
    public final java.lang.String getBackgroundHandoffScript()
com.jhoy.shield.offline.AudioDownloader$Callback
com.jhoy.shield.offline.AudioDownloader:
    public final void download(java.lang.String,java.lang.String,java.lang.String,java.lang.String,long,java.lang.String,java.lang.String,com.jhoy.shield.offline.AudioDownloader$Callback)
    private static final void download$lambda$5(com.jhoy.shield.offline.AudioDownloader,java.lang.String,java.lang.String,java.lang.String,java.lang.String,java.lang.String,java.lang.String,long,com.jhoy.shield.offline.AudioDownloader$Callback)
    private static final kotlin.Unit download$lambda$5$lambda$1(com.jhoy.shield.offline.AudioDownloader,com.jhoy.shield.offline.AudioDownloader$Callback,java.lang.String,int)
    private static final void download$lambda$5$lambda$1$lambda$0(com.jhoy.shield.offline.AudioDownloader$Callback,java.lang.String,int)
    private static final kotlin.Unit download$lambda$5$lambda$2(int)
    private static final void download$lambda$5$lambda$3(com.jhoy.shield.offline.AudioDownloader$Callback,java.lang.String,com.jhoy.shield.offline.OfflineSong)
    private static final void download$lambda$5$lambda$4(com.jhoy.shield.offline.AudioDownloader$Callback,java.lang.String,java.lang.Exception)
    private final void downloadFile(java.lang.String,java.io.File,kotlin.jvm.functions.Function1)
    public final boolean isDownloaded(java.lang.String)
    public final boolean isDownloading(java.lang.String)
com.jhoy.shield.offline.DownloadBridge$startDownload$1
com.jhoy.shield.offline.DownloadBridge
com.jhoy.shield.offline.DownloadBridgeScripts
...
androidx.compose.material.icons.filled.PersonOutlineKt
androidx.compose.material.icons.filled.PersonPinCircleKt
androidx.compose.material.icons.filled.PersonPinKt
androidx.compose.material.icons.filled.PersonRemoveAlt1Kt
androidx.compose.material.icons.filled.PersonRemoveKt
androidx.compose.material.icons.filled.PersonSearchKt
androidx.compose.material.icons.filled.PersonalInjuryKt
androidx.compose.material.icons.filled.PersonalVideoKt
androidx.compose.material.icons.filled.PestControlKt
androidx.compose.material.icons.filled.PestControlRodentKt
androidx.compose.material.icons.filled.PetsKt
androidx.compose.material.icons.filled.PhishingKt
androidx.compose.material.icons.filled.PhoneAndroidKt
androidx.compose.material.icons.filled.PhoneBluetoothSpeakerKt
androidx.compose.material.icons.filled.PhoneCallbackKt
androidx.compose.material.icons.filled.PhoneDisabledKt
androidx.compose.material.icons.filled.PhoneEnabledKt
androidx.compose.material.icons.filled.PhoneForwardedKt
androidx.compose.material.icons.filled.PhoneInTalkKt
androidx.compose.material.icons.filled.PhoneIphoneKt
androidx.compose.material.icons.filled.PhoneKt
androidx.compose.material.icons.filled.PhoneLockedKt
androidx.compose.material.icons.filled.PhoneMissedKt
androidx.compose.material.icons.filled.PhonePausedKt
androidx.compose.material.icons.filled.PhonelinkEraseKt
androidx.compose.material.icons.filled.PhonelinkKt
androidx.compose.material.icons.filled.PhonelinkLockKt
androidx.compose.material.icons.filled.PhonelinkOffKt
androidx.compose.material.icons.filled.PhonelinkRingKt
androidx.compose.material.icons.filled.PhonelinkSetupKt
androidx.compose.material.icons.filled.PhotoAlbumKt
androidx.compose.material.icons.filled.PhotoCameraBackKt
androidx.compose.material.icons.filled.PhotoCameraFrontKt
androidx.compose.material.icons.filled.PhotoCameraKt
androidx.compose.material.icons.filled.PhotoFilterKt
androidx.compose.material.icons.filled.PhotoKt
androidx.compose.material.icons.filled.PhotoLibraryKt
androidx.compose.material.icons.filled.PhotoSizeSelectActualKt
androidx.compose.material.icons.filled.PhotoSizeSelectLargeKt
androidx.compose.material.icons.filled.PhotoSizeSelectSmallKt
androidx.compose.material.icons.filled.PhpKt
androidx.compose.material.icons.filled.PianoKt
androidx.compose.material.icons.filled.PianoOffKt
androidx.compose.material.icons.filled.PictureAsPdfKt
androidx.compose.material.icons.filled.PictureInPictureAltKt
androidx.compose.material.icons.filled.PictureInPictureKt
androidx.compose.material.icons.filled.PieChartKt
androidx.compose.material.icons.filled.PieChartOutlineKt
androidx.compose.material.icons.filled.PinDropKt
androidx.compose.material.icons.filled.PinEndKt
androidx.compose.material.icons.filled.PinInvokeKt
androidx.compose.material.icons.filled.PinKt
androidx.compose.material.icons.filled.PinchKt
androidx.compose.material.icons.filled.PivotTableChartKt
androidx.compose.material.icons.filled.PixKt
androidx.compose.material.icons.filled.PlaceKt
androidx.compose.material.icons.filled.PlagiarismKt
androidx.compose.material.icons.filled.PlayArrowKt
androidx.compose.material.icons.filled.PlayCircleFilledKt
androidx.compose.material.icons.filled.PlayCircleKt
androidx.compose.material.icons.filled.PlayCircleOutlineKt
androidx.compose.material.icons.filled.PlayDisabledKt
androidx.compose.material.icons.filled.PlayForWorkKt
androidx.compose.material.icons.filled.PlayLessonKt
androidx.compose.material.icons.filled.PlaylistAddCheckCircleKt
androidx.compose.material.icons.filled.PlaylistAddCheckKt
androidx.compose.material.icons.filled.PlaylistAddCircleKt
androidx.compose.material.icons.filled.PlaylistAddKt
androidx.compose.material.icons.filled.PlaylistPlayKt
androidx.compose.material.icons.filled.PlaylistRemoveKt
androidx.compose.material.icons.filled.PlumbingKt
androidx.compose.material.icons.filled.PlusOneKt
androidx.compose.material.icons.filled.PodcastsKt
androidx.compose.material.icons.filled.PointOfSaleKt